<?xml version="1.0" encoding="UTF-8"?>
<testng-results skipped="0" failed="0" ignored="0" total="1" passed="1">
  <reporter-output>
  </reporter-output>
  <suite name="Default suite" duration-ms="903" started-at="2020-05-02T16:55:00Z" finished-at="2020-05-02T16:55:01Z">
    <groups>
    </groups>
    <test name="Default test" duration-ms="903" started-at="2020-05-02T16:55:00Z" finished-at="2020-05-02T16:55:01Z">
      <class name="com.qa.Test.PostApiTest">
        <test-method status="PASS" signature="setUP()[pri:0, instance:com.qa.Test.PostApiTest@51565ec2]" name="setUP" is-config="true" duration-ms="4" started-at="2020-05-02T16:55:00Z" finished-at="2020-05-02T16:55:00Z">
          <reporter-output>
          </reporter-output>
        </test-method> <!-- setUP -->
        <test-method status="PASS" signature="postApiTest()[pri:0, instance:com.qa.Test.PostApiTest@51565ec2]" name="postApiTest" duration-ms="883" started-at="2020-05-02T16:55:00Z" finished-at="2020-05-02T16:55:01Z">
          <reporter-output>
          </reporter-output>
        </test-method> <!-- postApiTest -->
      </class> <!-- com.qa.Test.PostApiTest -->
    </test> <!-- Default test -->
  </suite> <!-- Default suite -->
</testng-results>
