<?xml version="1.0" encoding="UTF-8"?>
<testng-results skipped="0" failed="0" ignored="0" total="1" passed="1">
  <reporter-output>
  </reporter-output>
  <suite name="Default suite" duration-ms="1011" started-at="2020-05-01T19:10:46Z" finished-at="2020-05-01T19:10:47Z">
    <groups>
    </groups>
    <test name="Default test" duration-ms="1011" started-at="2020-05-01T19:10:46Z" finished-at="2020-05-01T19:10:47Z">
      <class name="com.qa.Test.GetApiTest">
        <test-method status="PASS" signature="setUP()[pri:0, instance:com.qa.Test.GetApiTest@7dc7cbad]" name="setUP" is-config="true" duration-ms="4" started-at="2020-05-01T19:10:46Z" finished-at="2020-05-01T19:10:46Z">
          <reporter-output>
          </reporter-output>
        </test-method> <!-- setUP -->
        <test-method status="PASS" signature="getTest()[pri:0, instance:com.qa.Test.GetApiTest@7dc7cbad]" name="getTest" duration-ms="989" started-at="2020-05-01T19:10:46Z" finished-at="2020-05-01T19:10:47Z">
          <reporter-output>
          </reporter-output>
        </test-method> <!-- getTest -->
        <test-method status="PASS" signature="closeDown()[pri:0, instance:com.qa.Test.GetApiTest@7dc7cbad]" name="closeDown" is-config="true" duration-ms="0" started-at="2020-05-01T19:10:47Z" finished-at="2020-05-01T19:10:47Z">
          <reporter-output>
          </reporter-output>
        </test-method> <!-- closeDown -->
      </class> <!-- com.qa.Test.GetApiTest -->
    </test> <!-- Default test -->
  </suite> <!-- Default suite -->
</testng-results>
